
*** Running xst
    with args -ifn mojo_top_0.xst -ofn mojo_top_0.srp -intstyle ise

Reading design: mojo_top_0.prj

=========================================================================
*                          HDL Parsing                                  *
=========================================================================
Analyzing Verilog file "/home/jem/Dropbox/mojo/fpga1Badder/work/planAhead/fpga1Badder/fpga1Badder.srcs/sources_1/imports/verilog/edge_detector_3.v" into library work
Parsing module <edge_detector_3>.
Analyzing Verilog file "/home/jem/Dropbox/mojo/fpga1Badder/work/planAhead/fpga1Badder/fpga1Badder.srcs/sources_1/imports/verilog/reset_conditioner_1.v" into library work
Parsing module <reset_conditioner_1>.
Analyzing Verilog file "/home/jem/Dropbox/mojo/fpga1Badder/work/planAhead/fpga1Badder/fpga1Badder.srcs/sources_1/imports/verilog/myFsm_2.v" into library work
Parsing module <myFsm_2>.
Analyzing Verilog file "/home/jem/Dropbox/mojo/fpga1Badder/work/planAhead/fpga1Badder/fpga1Badder.srcs/sources_1/imports/verilog/mojo_top_0.v" into library work
Parsing module <mojo_top_0>.

=========================================================================
*                            HDL Elaboration                            *
=========================================================================

Elaborating module <mojo_top_0>.

Elaborating module <reset_conditioner_1>.

Elaborating module <myFsm_2>.

Elaborating module <edge_detector_3>.

=========================================================================
*                           HDL Synthesis                               *
=========================================================================

Synthesizing Unit <mojo_top_0>.
    Related source file is "/home/jem/Dropbox/mojo/fpga1Badder/work/planAhead/fpga1Badder/fpga1Badder.srcs/sources_1/imports/verilog/mojo_top_0.v".
WARNING:Xst:647 - Input <io_button<1:1>> is never used. This port will be preserved and left unconnected if it belongs to a top-level block or it belongs to a sub-block and the hierarchy of this sub-block is preserved.
WARNING:Xst:647 - Input <io_button<4:4>> is never used. This port will be preserved and left unconnected if it belongs to a top-level block or it belongs to a sub-block and the hierarchy of this sub-block is preserved.
WARNING:Xst:647 - Input <io_dip<23:3>> is never used. This port will be preserved and left unconnected if it belongs to a top-level block or it belongs to a sub-block and the hierarchy of this sub-block is preserved.
WARNING:Xst:647 - Input <cclk> is never used. This port will be preserved and left unconnected if it belongs to a top-level block or it belongs to a sub-block and the hierarchy of this sub-block is preserved.
WARNING:Xst:647 - Input <spi_ss> is never used. This port will be preserved and left unconnected if it belongs to a top-level block or it belongs to a sub-block and the hierarchy of this sub-block is preserved.
WARNING:Xst:647 - Input <spi_mosi> is never used. This port will be preserved and left unconnected if it belongs to a top-level block or it belongs to a sub-block and the hierarchy of this sub-block is preserved.
WARNING:Xst:647 - Input <spi_sck> is never used. This port will be preserved and left unconnected if it belongs to a top-level block or it belongs to a sub-block and the hierarchy of this sub-block is preserved.
WARNING:Xst:647 - Input <avr_tx> is never used. This port will be preserved and left unconnected if it belongs to a top-level block or it belongs to a sub-block and the hierarchy of this sub-block is preserved.
WARNING:Xst:647 - Input <avr_rx_busy> is never used. This port will be preserved and left unconnected if it belongs to a top-level block or it belongs to a sub-block and the hierarchy of this sub-block is preserved.
    Found 1-bit tristate buffer for signal <spi_miso> created at line 72
    Found 1-bit tristate buffer for signal <spi_channel<3>> created at line 72
    Found 1-bit tristate buffer for signal <spi_channel<2>> created at line 72
    Found 1-bit tristate buffer for signal <spi_channel<1>> created at line 72
    Found 1-bit tristate buffer for signal <spi_channel<0>> created at line 72
    Found 1-bit tristate buffer for signal <avr_rx> created at line 72
    Summary:
	inferred   3 Multiplexer(s).
	inferred   6 Tristate(s).
Unit <mojo_top_0> synthesized.

Synthesizing Unit <reset_conditioner_1>.
    Related source file is "/home/jem/Dropbox/mojo/fpga1Badder/work/planAhead/fpga1Badder/fpga1Badder.srcs/sources_1/imports/verilog/reset_conditioner_1.v".
    Found 4-bit register for signal <M_stage_q>.
    Summary:
	inferred   4 D-type flip-flop(s).
Unit <reset_conditioner_1> synthesized.

Synthesizing Unit <myFsm_2>.
    Related source file is "/home/jem/Dropbox/mojo/fpga1Badder/work/planAhead/fpga1Badder/fpga1Badder.srcs/sources_1/imports/verilog/myFsm_2.v".
    Found 4-bit register for signal <M_state_q>.
    Found 28-bit register for signal <M_counter_q>.
    Found finite state machine <FSM_0> for signal <M_state_q>.
    -----------------------------------------------------------------------
    | States             | 11                                             |
    | Transitions        | 32                                             |
    | Inputs             | 6                                              |
    | Outputs            | 5                                              |
    | Clock              | clk (rising_edge)                              |
    | Reset              | rst (positive)                                 |
    | Reset type         | synchronous                                    |
    | Reset State        | 0000                                           |
    | Power Up State     | 0000                                           |
    | Encoding           | auto                                           |
    | Implementation     | LUT                                            |
    -----------------------------------------------------------------------
    Found 28-bit adder for signal <M_counter_q[27]_GND_3_o_add_0_OUT> created at line 56.
    Summary:
	inferred   1 Adder/Subtractor(s).
	inferred  28 D-type flip-flop(s).
	inferred  53 Multiplexer(s).
	inferred   1 Finite State Machine(s).
Unit <myFsm_2> synthesized.

Synthesizing Unit <edge_detector_3>.
    Related source file is "/home/jem/Dropbox/mojo/fpga1Badder/work/planAhead/fpga1Badder/fpga1Badder.srcs/sources_1/imports/verilog/edge_detector_3.v".
    Found 1-bit register for signal <M_last_q>.
    Summary:
	inferred   1 D-type flip-flop(s).
Unit <edge_detector_3> synthesized.

=========================================================================
HDL Synthesis Report

Macro Statistics
# Adders/Subtractors                                   : 1
 28-bit adder                                          : 1
# Registers                                            : 3
 1-bit register                                        : 1
 28-bit register                                       : 1
 4-bit register                                        : 1
# Multiplexers                                         : 56
 1-bit 2-to-1 multiplexer                              : 38
 28-bit 2-to-1 multiplexer                             : 18
# Tristates                                            : 6
 1-bit tristate buffer                                 : 6
# FSMs                                                 : 1

=========================================================================

=========================================================================
*                       Advanced HDL Synthesis                          *
=========================================================================


=========================================================================
Advanced HDL Synthesis Report

Macro Statistics
# Adders/Subtractors                                   : 1
 28-bit adder                                          : 1
# Registers                                            : 33
 Flip-Flops                                            : 33
# Multiplexers                                         : 56
 1-bit 2-to-1 multiplexer                              : 38
 28-bit 2-to-1 multiplexer                             : 18
# FSMs                                                 : 1

=========================================================================

=========================================================================
*                         Low Level Synthesis                           *
=========================================================================
Analyzing FSM <MFsm> for best encoding.
Optimizing FSM <myFSM/FSM_0> on signal <M_state_q[1:4]> with user encoding.
-------------------
 State | Encoding
-------------------
 0000  | 0000
 0001  | 0001
 0010  | 0010
 1010  | 1010
 0011  | 0011
 0100  | 0100
 0101  | 0101
 0110  | 0110
 0111  | 0111
 1000  | 1000
 1001  | 1001
-------------------

Optimizing unit <mojo_top_0> ...

Optimizing unit <myFsm_2> ...

Mapping all equations...
Building and optimizing final netlist ...
Found area constraint ratio of 100 (+ 0) on block mojo_top_0, actual ratio is 2.

Final Macro Processing ...

Processing Unit <mojo_top_0> :
INFO:Xst:741 - HDL ADVISOR - A 4-bit shift register was found for signal <reset_cond/M_stage_q_3> and currently occupies 4 logic cells (2 slices). Removing the set/reset logic would take advantage of SRL32 (and derived) primitives and reduce this to 1 logic cells (1 slices). Evaluate if the set/reset can be removed for this simple shift register. The majority of simple pipeline structures do not need to be set/reset operationally.
Unit <mojo_top_0> processed.

=========================================================================
Final Register Report

Macro Statistics
# Registers                                            : 37
 Flip-Flops                                            : 37

=========================================================================

=========================================================================
*                           Partition Report                            *
=========================================================================

Partition Implementation Status
-------------------------------

  No Partitions were found in this design.

-------------------------------

=========================================================================
*                            Design Summary                             *
=========================================================================

Clock Information:
------------------
-----------------------------------+------------------------+-------+
Clock Signal                       | Clock buffer(FF name)  | Load  |
-----------------------------------+------------------------+-------+
clk                                | BUFGP                  | 37    |
-----------------------------------+------------------------+-------+

Asynchronous Control Signals Information:
----------------------------------------
No asynchronous control signals found in this design

Timing Summary:
---------------
Speed Grade: -2

   Minimum period: 4.538ns (Maximum Frequency: 220.361MHz)
   Minimum input arrival time before clock: 5.703ns
   Maximum output required time after clock: 9.616ns
   Maximum combinational path delay: 9.133ns

=========================================================================
